<?xml version="1.0" encoding="UTF-8"?>
<!-- Generated by org.testng.reporters.JUnitReportReporter -->
<testsuite hostname="DESKTOP-I0F3F42" failures="0" tests="1" name="restAssuredPack.GetRequestTests" time="3.334" errors="0" timestamp="2022-07-14T16:10:09 IST" skipped="0">
  <testcase classname="restAssuredPack.GetRequestTests" name="shotGetReq" time="3.334"/>
  <system-out/>
</testsuite> <!-- restAssuredPack.GetRequestTests -->
