<?xml version="1.0" encoding="UTF-8"?>
<!-- Generated by org.testng.reporters.JUnitReportReporter -->
<testsuite hostname="DESKTOP-I0F3F42" failures="0" tests="4" name="restAssuredPack.PostRequestCU" time="5.540" errors="0" timestamp="2022-07-14T16:03:17 IST" skipped="0">
  <testcase classname="restAssuredPack.PostRequestCU" name="createUser" time="0.566"/>
  <system-out/>
  <testcase classname="restAssuredPack.PostRequestCU" name="createUser" time="3.778"/>
  <system-out/>
  <testcase classname="restAssuredPack.PostRequestCU" name="createUser" time="0.633"/>
  <system-out/>
  <testcase classname="restAssuredPack.PostRequestCU" name="createUser" time="0.563"/>
  <system-out/>
</testsuite> <!-- restAssuredPack.PostRequestCU -->
