<?xml version="1.0" encoding="UTF-8"?>
<!-- Generated by org.testng.reporters.JUnitReportReporter -->
<testsuite hostname="DESKTOP-I0F3F42" failures="0" tests="4" name="restAssuredPack.PostRequestCU" time="4.789" errors="0" timestamp="2022-07-01T19:19:30 IST" skipped="0">
  <testcase classname="restAssuredPack.PostRequestCU" name="createUser" time="0.486"/>
  <system-out/>
  <testcase classname="restAssuredPack.PostRequestCU" name="createUser" time="3.331"/>
  <system-out/>
  <testcase classname="restAssuredPack.PostRequestCU" name="createUser" time="0.507"/>
  <system-out/>
  <testcase classname="restAssuredPack.PostRequestCU" name="createUser" time="0.465"/>
  <system-out/>
</testsuite> <!-- restAssuredPack.PostRequestCU -->
