<?xml version="1.0" encoding="UTF-8"?>
<!-- Generated by org.testng.reporters.JUnitReportReporter -->
<testsuite hostname="DESKTOP-I0F3F42" failures="0" tests="1" name="restAssuredPack.GetBDDStyle" time="3.084" errors="0" timestamp="2022-07-14T17:21:28 IST" skipped="0">
  <testcase classname="restAssuredPack.GetBDDStyle" name="getUserDetail" time="3.084"/>
  <system-out/>
</testsuite> <!-- restAssuredPack.GetBDDStyle -->
