<?xml version="1.0" encoding="UTF-8"?>
<!-- Generated by org.testng.reporters.JUnitReportReporter -->
<testsuite hostname="DESKTOP-I0F3F42" failures="0" tests="1" name="restAssuredPack.ExtractNodeValues" time="4.222" errors="0" timestamp="2022-06-30T12:59:53 IST" skipped="0">
  <testcase classname="restAssuredPack.ExtractNodeValues" name="extractNodes" time="4.222"/>
  <system-out/>
</testsuite> <!-- restAssuredPack.ExtractNodeValues -->
